4/26/07 1:28 PM Started
4/26/07 1:28 PM APPS_HTML: JDevOJSP: init
4/26/07 1:28 PM APPS_HTML: 9.0.3.1.0 Started
4/26/07 1:28 PM Started
4/26/07 1:28 PM APPS_HTML: JDevOJSP: init
4/26/07 1:28 PM APPS_HTML: 9.0.3.1.0 Started
4/26/07 1:35 PM Started
4/26/07 1:35 PM APPS_HTML: JDevOJSP: init
4/26/07 1:35 PM APPS_HTML: 9.0.3.1.0 Started
4/26/07 1:38 PM Started
4/26/07 1:39 PM APPS_HTML: JDevOJSP: init
4/26/07 1:39 PM APPS_HTML: 9.0.3.1.0 Started
4/26/07 2:20 PM Started
4/26/07 2:20 PM APPS_HTML: JDevOJSP: init
4/26/07 2:20 PM APPS_HTML: 9.0.3.1.0 Started
4/26/07 2:20 PM Started
4/26/07 2:20 PM APPS_HTML: JDevOJSP: init
4/26/07 2:20 PM APPS_HTML: 9.0.3.1.0 Started
4/26/07 2:33 PM Started
4/26/07 2:33 PM APPS_HTML: JDevOJSP: init
4/26/07 2:33 PM APPS_HTML: 9.0.3.1.0 Started
4/26/07 2:45 PM APPS_HTML: 9.0.3.1.0 Stopped
4/26/07 2:45 PM Started
4/26/07 2:45 PM APPS_HTML: JDevOJSP: init
4/26/07 2:45 PM APPS_HTML: 9.0.3.1.0 Started
4/26/07 3:28 PM APPS_HTML: 9.0.3.1.0 Stopped
4/26/07 3:28 PM Started
4/26/07 3:28 PM APPS_HTML: JDevOJSP: init
4/26/07 3:28 PM APPS_HTML: 9.0.3.1.0 Started
4/26/07 3:34 PM Started
4/26/07 3:34 PM APPS_HTML: JDevOJSP: init
4/26/07 3:34 PM APPS_HTML: 9.0.3.1.0 Started
4/26/07 3:41 PM Started
4/26/07 3:41 PM APPS_HTML: JDevOJSP: init
4/26/07 3:41 PM APPS_HTML: 9.0.3.1.0 Started
4/26/07 3:44 PM Started
4/26/07 3:44 PM APPS_HTML: JDevOJSP: init
4/26/07 3:44 PM APPS_HTML: 9.0.3.1.0 Started
4/26/07 3:49 PM Started
4/26/07 3:49 PM APPS_HTML: JDevOJSP: init
4/26/07 3:49 PM APPS_HTML: 9.0.3.1.0 Started
4/27/07 7:27 AM Started
4/27/07 7:27 AM APPS_HTML: JDevOJSP: init
4/27/07 7:27 AM APPS_HTML: 9.0.3.1.0 Started
4/27/07 8:13 AM Started
4/27/07 8:13 AM APPS_HTML: JDevOJSP: init
4/27/07 8:13 AM APPS_HTML: 9.0.3.1.0 Started
4/27/07 10:26 AM Started
4/27/07 10:26 AM APPS_HTML: JDevOJSP: init
4/27/07 10:26 AM APPS_HTML: 9.0.3.1.0 Started
4/27/07 10:27 AM Started
4/27/07 10:27 AM APPS_HTML: JDevOJSP: init
4/27/07 10:27 AM APPS_HTML: 9.0.3.1.0 Started
