22-Jun-07 19:27:48 INFO [main] - Starting the MTServer...
22-Jun-07 19:27:48 INFO [main] - Loading the MTServer config file from the path C:\\OTC-FEC\\MTServer\config
22-Jun-07 19:27:48 INFO [main] - MTS Config file loaded successfully
22-Jun-07 19:27:48 INFO [main] - Creating the thread pool...
22-Jun-07 19:29:46 INFO [main] - Starting the MTServer...
22-Jun-07 19:29:46 INFO [main] - Loading the MTServer config file from the path C:\\OTC-FEC\\MTServer\config
22-Jun-07 19:29:47 INFO [main] - MTS Config file loaded successfully
22-Jun-07 19:29:47 INFO [main] - Creating the thread pool...
22-Jun-07 19:33:30 INFO [main] - Starting the MTServer...
22-Jun-07 19:33:30 INFO [main] - Loading the MTServer config file from the path C:\\OTC-FEC\\MTServer\config
22-Jun-07 19:33:30 INFO [main] - MTS Config file loaded successfully
22-Jun-07 19:33:30 INFO [main] - Creating the thread pool...
22-Jun-07 19:50:54 INFO [main] - Starting the MTServer...
22-Jun-07 19:50:54 INFO [main] - Loading the MTServer config file from the path C:\\OTC-FEC\\MTServer\config
22-Jun-07 19:50:55 INFO [main] - MTS Config file loaded successfully
22-Jun-07 19:50:55 INFO [main] - Creating the thread pool...
22-Jun-07 19:50:55 INFO [main] - Thread pool created
22-Jun-07 19:50:55 INFO [main] - MTServer Started
22-Jun-07 19:58:43 INFO [main] - Starting the MTServer...
22-Jun-07 19:58:43 INFO [main] - Loading the MTServer config file from the path C:\\OTC-FEC\\MTServer\config
22-Jun-07 19:58:44 INFO [main] - MTS Config file loaded successfully
22-Jun-07 19:58:44 INFO [main] - Creating the thread pool...
22-Jun-07 19:58:44 INFO [main] - Thread pool created
22-Jun-07 19:58:44 INFO [main] - MTServer Started
22-Jun-07 19:58:54 INFO [main] - Request received from /127.0.0.1
22-Jun-07 20:00:37 INFO [main] - Request received from /127.0.0.1
22-Jun-07 20:06:20 INFO [main] - Starting the MTServer...
22-Jun-07 20:06:20 INFO [main] - Loading the MTServer config file from the path C:\\OTC-FEC\\MTServer\config
22-Jun-07 20:06:22 INFO [main] - MTS Config file loaded successfully
22-Jun-07 20:06:22 INFO [main] - Creating the thread pool...
22-Jun-07 20:06:22 INFO [main] - Thread pool created
22-Jun-07 20:06:22 INFO [main] - MTServer Started
22-Jun-07 20:06:59 INFO [main] - Starting the MTServer...
22-Jun-07 20:06:59 INFO [main] - Loading the MTServer config file from the path C:\\OTC-FEC\\MTServer\config
22-Jun-07 20:07:00 INFO [main] - MTS Config file loaded successfully
22-Jun-07 20:07:00 INFO [main] - Creating the thread pool...
22-Jun-07 20:07:00 INFO [main] - Thread pool created
22-Jun-07 20:07:00 INFO [main] - MTServer Started
22-Jun-07 20:07:49 INFO [main] - Request received from /127.0.0.1
22-Jun-07 20:10:51 INFO [main] - Starting the MTServer...
22-Jun-07 20:10:51 INFO [main] - Loading the MTServer config file from the path C:\\OTC-FEC\\MTServer\config
22-Jun-07 20:10:52 INFO [main] - MTS Config file loaded successfully
22-Jun-07 20:10:52 INFO [main] - Creating the thread pool...
22-Jun-07 20:10:52 INFO [main] - Thread pool created
22-Jun-07 20:10:53 INFO [main] - MTServer Started
22-Jun-07 20:11:02 INFO [main] - Request received from /127.0.0.1
22-Jun-07 20:13:11 INFO [main] - Starting the MTServer...
22-Jun-07 20:13:11 INFO [main] - Loading the MTServer config file from the path C:\\OTC-FEC\\MTServer\config
22-Jun-07 20:13:12 INFO [main] - MTS Config file loaded successfully
22-Jun-07 20:13:12 INFO [main] - Creating the thread pool...
22-Jun-07 20:13:12 INFO [main] - Thread pool created
22-Jun-07 20:13:12 INFO [main] - MTServer Started
22-Jun-07 20:13:23 INFO [main] - Request received from /127.0.0.1
22-Jun-07 20:18:33 INFO [main] - Starting the MTServer...
22-Jun-07 20:18:33 INFO [main] - Loading the MTServer config file from the path C:\\OTC-FEC\\MTServer\config
22-Jun-07 20:18:34 INFO [main] - MTS Config file loaded successfully
22-Jun-07 20:18:34 INFO [main] - Creating the thread pool...
22-Jun-07 20:18:35 INFO [main] - Thread pool created
22-Jun-07 20:18:35 INFO [main] - MTServer Started
22-Jun-07 20:18:45 INFO [main] - Request received from /127.0.0.1
22-Jun-07 20:19:36 INFO [main] - Request received from /127.0.0.1
22-Jun-07 20:19:36 INFO [Parent #0] - Request to stop the server
22-Jun-07 20:19:36 INFO [Parent #0] - MTServer shutdown initiated
22-Jun-07 20:19:36 INFO [main] - Request received from /127.0.0.1
22-Jun-07 20:22:17 INFO [main] - Starting the MTServer...
22-Jun-07 20:22:17 INFO [main] - Loading the MTServer config file from the path C:\\OTC-FEC\\MTServer\config
22-Jun-07 20:22:19 INFO [main] - MTS Config file loaded successfully
22-Jun-07 20:22:19 INFO [main] - Creating the thread pool...
22-Jun-07 20:22:19 INFO [main] - Thread pool created
22-Jun-07 20:22:19 INFO [main] - MTServer Started
22-Jun-07 20:22:27 INFO [main] - Request received from /127.0.0.1
22-Jun-07 20:22:27 INFO [Parent #0] - Request to stop the server
22-Jun-07 20:22:27 INFO [Parent #0] - MTServer shutdown initiated
22-Jun-07 20:22:27 INFO [main] - Request received from /127.0.0.1
22-Jun-07 20:25:51 INFO [main] - Starting the MTServer...
22-Jun-07 20:25:51 INFO [main] - Loading the MTServer config file from the path C:\\OTC-FEC\\MTServer\config
22-Jun-07 20:25:52 INFO [main] - MTS Config file loaded successfully
22-Jun-07 20:25:52 INFO [main] - Creating the thread pool...
22-Jun-07 20:25:52 INFO [main] - Thread pool created
22-Jun-07 20:26:01 INFO [main] - Starting the MTServer...
22-Jun-07 20:26:01 INFO [main] - Loading the MTServer config file from the path C:\\OTC-FEC\\MTServer\config
22-Jun-07 20:26:02 INFO [main] - MTS Config file loaded successfully
22-Jun-07 20:26:02 INFO [main] - Creating the thread pool...
22-Jun-07 20:26:02 INFO [main] - Thread pool created
22-Jun-07 20:26:17 INFO [main] - Starting the MTServer...
22-Jun-07 20:26:17 INFO [main] - Loading the MTServer config file from the path C:\\OTC-FEC\\MTServer\config
22-Jun-07 20:26:18 INFO [main] - MTS Config file loaded successfully
22-Jun-07 20:26:18 INFO [main] - Creating the thread pool...
22-Jun-07 20:26:18 INFO [main] - Thread pool created
22-Jun-07 20:26:18 INFO [main] - MTServer Started
22-Jun-07 20:26:27 INFO [main] - Request received from /127.0.0.1
22-Jun-07 20:26:27 INFO [Parent #0] - Request to stop the server
22-Jun-07 20:26:27 INFO [Parent #0] - MTServer shutdown initiated
22-Jun-07 20:26:27 INFO [main] - Request received from /127.0.0.1
22-Jun-07 20:27:50 INFO [main] - Starting the MTServer...
22-Jun-07 20:27:50 INFO [main] - Loading the MTServer config file from the path C:\\OTC-FEC\\MTServer\config
22-Jun-07 20:27:51 INFO [main] - MTS Config file loaded successfully
22-Jun-07 20:27:51 INFO [main] - Creating the thread pool...
22-Jun-07 20:27:51 INFO [main] - Thread pool created
22-Jun-07 20:27:51 INFO [main] - MTServer Started
22-Jun-07 20:27:58 INFO [main] - Request received from /127.0.0.1
22-Jun-07 20:27:58 INFO [Parent #0] - Request to stop the server
22-Jun-07 20:27:58 INFO [Parent #0] - MTServer shutdown initiated
22-Jun-07 20:27:58 INFO [main] - Request received from /127.0.0.1
22-Jun-07 20:30:16 INFO [main] - Starting the MTServer...
22-Jun-07 20:30:16 INFO [main] - Loading the MTServer config file from the path C:\\OTC-FEC\\MTServer\config
22-Jun-07 20:30:17 INFO [main] - MTS Config file loaded successfully
22-Jun-07 20:30:17 INFO [main] - Creating the thread pool...
22-Jun-07 20:30:17 INFO [main] - Thread pool created
22-Jun-07 20:30:17 INFO [main] - MTServer Started
22-Jun-07 20:30:24 INFO [main] - Request received from /127.0.0.1
22-Jun-07 20:30:25 INFO [Parent #0] - Request to stop the server
22-Jun-07 20:30:25 INFO [Parent #0] - MTServer shutdown initiated
22-Jun-07 20:30:25 INFO [main] - Request received from /127.0.0.1
25-Jun-07 09:01:40 INFO [main] - Starting the MTServer...
25-Jun-07 09:01:40 INFO [main] - Loading the MTServer config file from the path C:\\OTC-FEC\\MTServer\config
25-Jun-07 09:01:40 INFO [main] - MTS Config file loaded successfully
25-Jun-07 09:01:40 INFO [main] - Creating the thread pool...
25-Jun-07 09:01:40 INFO [main] - Thread pool created
25-Jun-07 09:01:40 INFO [main] - MTServer Started
25-Jun-07 09:06:38 INFO [main] - Starting the MTServer...
25-Jun-07 09:06:38 INFO [main] - Loading the MTServer config file from the path C:\\OTC-FEC\\MTServer\config
25-Jun-07 09:06:40 INFO [main] - MTS Config file loaded successfully
25-Jun-07 09:06:40 INFO [main] - Creating the thread pool...
25-Jun-07 09:06:40 INFO [main] - Thread pool created
25-Jun-07 09:06:40 INFO [main] - MTServer Started
25-Jun-07 09:07:52 INFO [main] - Starting the MTServer...
25-Jun-07 09:07:52 INFO [main] - Loading the MTServer config file from the path C:\\OTC-FEC\\MTServer\config
25-Jun-07 09:07:54 INFO [main] - MTS Config file loaded successfully
25-Jun-07 09:07:54 INFO [main] - Creating the thread pool...
25-Jun-07 09:07:54 INFO [main] - Thread pool created
25-Jun-07 09:07:54 INFO [main] - MTServer Started
25-Jun-07 09:07:56 INFO [Thread-0] - Shutting down MTServer...
25-Jun-07 09:07:56 INFO [Thread-0] - Shutting down MTServer...
25-Jun-07 09:07:56 INFO [Thread-0] - MTServer stopped (Shutdown hook).
25-Jun-07 09:09:26 INFO [main] - Starting the MTServer...
25-Jun-07 09:09:26 INFO [main] - Loading the MTServer config file from the path C:\\OTC-FEC\\MTServer\config
25-Jun-07 09:09:27 INFO [main] - MTS Config file loaded successfully
25-Jun-07 09:09:27 INFO [main] - Creating the thread pool...
25-Jun-07 09:09:27 INFO [main] - Thread pool created
25-Jun-07 09:09:27 INFO [main] - MTServer Started
25-Jun-07 09:09:30 INFO [Thread-0] - Shutting down MTServer...
25-Jun-07 09:09:30 INFO [Thread-0] - Shutting down MTServer...
25-Jun-07 09:09:30 INFO [Thread-0] - MTServer stopped (Shutdown hook).
25-Jun-07 09:10:07 INFO [main] - Starting the MTServer...
25-Jun-07 09:10:07 INFO [main] - Loading the MTServer config file from the path C:\\OTC-FEC\\MTServer\config
25-Jun-07 09:10:09 INFO [main] - MTS Config file loaded successfully
25-Jun-07 09:10:09 INFO [main] - Creating the thread pool...
25-Jun-07 09:10:09 INFO [main] - Thread pool created
25-Jun-07 09:10:09 INFO [main] - MTServer Started
25-Jun-07 09:10:11 INFO [Thread-0] - Shutting down MTServer...
25-Jun-07 09:10:11 INFO [Thread-0] - Shutting down MTServer...
25-Jun-07 09:10:11 INFO [Thread-0] - MTServer stopped (Shutdown hook).
25-Jun-07 09:13:33 INFO [main] - Starting the MTServer...
25-Jun-07 09:13:33 INFO [main] - Loading the MTServer config file from the path C:\\OTC-FEC\\MTServer\config
25-Jun-07 09:13:33 INFO [main] - MTS Config file loaded successfully
25-Jun-07 09:13:33 INFO [main] - Creating the thread pool...
25-Jun-07 09:13:33 INFO [main] - Thread pool created
25-Jun-07 09:13:33 INFO [main] - MTServer Started
25-Jun-07 09:13:35 INFO [Thread-0] - Shutting down MTServer...
25-Jun-07 09:13:35 INFO [Thread-0] - Shutting down MTServer...
25-Jun-07 09:13:35 INFO [Thread-0] - MTServer stopped (Shutdown hook).
25-Jun-07 09:14:56 INFO [main] - Starting the MTServer...
25-Jun-07 09:14:56 INFO [main] - Loading the MTServer config file from the path C:\\OTC-FEC\\MTServer\config
25-Jun-07 09:14:56 INFO [main] - MTS Config file loaded successfully
25-Jun-07 09:14:56 INFO [main] - Creating the thread pool...
25-Jun-07 09:14:56 INFO [main] - Thread pool created
25-Jun-07 09:14:56 INFO [main] - MTServer Started
25-Jun-07 09:15:03 INFO [Thread-0] - Shutting down MTServer...
25-Jun-07 09:15:03 INFO [Thread-0] - Shutting down MTServer...
25-Jun-07 09:15:03 INFO [Thread-0] - MTServer stopped (Shutdown hook).
25-Jun-07 09:16:22 INFO [main] - Starting the MTServer...
25-Jun-07 09:16:22 INFO [main] - Loading the MTServer config file from the path C:\\OTC-FEC\\MTServer\config
25-Jun-07 09:16:22 INFO [main] - MTS Config file loaded successfully
25-Jun-07 09:16:22 INFO [main] - Creating the thread pool...
25-Jun-07 09:16:22 INFO [main] - Thread pool created
25-Jun-07 09:16:22 INFO [main] - MTServer Started
25-Jun-07 09:16:24 INFO [Thread-0] - Shutting down MTServer...
25-Jun-07 09:16:24 INFO [Thread-0] - Shutting down MTServer...
25-Jun-07 09:16:24 INFO [Thread-0] - MTServer stopped (Shutdown hook).
25-Jun-07 09:16:24 INFO [Thread-0] - Closing Server socket.
25-Jun-07 09:16:24 INFO [main] - Closing Server socket.
25-Jun-07 09:18:28 INFO [main] - Starting the MTServer...
25-Jun-07 09:18:28 INFO [main] - Loading the MTServer config file from the path C:\\OTC-FEC\\MTServer\config
25-Jun-07 09:18:28 INFO [main] - MTS Config file loaded successfully
25-Jun-07 09:18:28 INFO [main] - Creating the thread pool...
25-Jun-07 09:18:28 INFO [main] - Thread pool created
25-Jun-07 09:18:28 INFO [main] - MTServer Started
25-Jun-07 09:18:32 INFO [Thread-0] - Shutting down MTServer...
25-Jun-07 09:18:32 INFO [Thread-0] - Shutting down MTServer...
25-Jun-07 09:18:32 INFO [Thread-0] - MTServer stopped (Shutdown hook).
25-Jun-07 09:18:32 INFO [Thread-0] - Closing Server socket.
25-Jun-07 09:18:32 INFO [main] - Closing Server socket.
25-Jun-07 09:19:50 INFO [main] - Starting the MTServer...
25-Jun-07 09:19:50 INFO [main] - Loading the MTServer config file from the path C:\\OTC-FEC\\MTServer\config
25-Jun-07 09:19:51 INFO [main] - MTS Config file loaded successfully
25-Jun-07 09:19:51 INFO [main] - Creating the thread pool...
25-Jun-07 09:19:51 INFO [main] - Thread pool created
25-Jun-07 09:19:51 INFO [main] - MTServer Started
25-Jun-07 09:19:54 INFO [Thread-0] - Shutting down MTServer...
25-Jun-07 09:19:54 INFO [Thread-0] - Request to stop the server
25-Jun-07 09:19:54 INFO [Thread-0] - MTServer shutdown initiated
25-Jun-07 09:19:54 INFO [main] - Request received from /127.0.0.1
25-Jun-07 09:19:54 INFO [main] - Closing Server socket.
25-Jun-07 09:19:54 INFO [Thread-0] - Shutting down MTServer...
25-Jun-07 09:19:54 INFO [Thread-0] - MTServer stopped (Shutdown hook).
25-Jun-07 09:19:54 INFO [Thread-0] - Closing Server socket.
25-Jun-07 09:21:29 INFO [main] - Starting the MTServer...
25-Jun-07 09:21:29 INFO [main] - Loading the MTServer config file from the path C:\\OTC-FEC\\MTServer\config
25-Jun-07 09:21:30 INFO [main] - MTS Config file loaded successfully
25-Jun-07 09:21:30 INFO [main] - Creating the thread pool...
25-Jun-07 09:21:30 INFO [main] - Thread pool created
25-Jun-07 09:21:30 INFO [main] - MTServer Started
25-Jun-07 09:21:32 INFO [Thread-0] - Shutting down MTServer...
25-Jun-07 09:21:32 INFO [Thread-0] - Request to stop the server
25-Jun-07 09:21:32 INFO [Thread-0] - MTServer shutdown initiated
25-Jun-07 09:21:32 INFO [main] - Request received from /127.0.0.1
25-Jun-07 09:21:32 INFO [main] - Closing Server socket.
25-Jun-07 09:21:32 INFO [Thread-0] - Shutting down MTServer...
25-Jun-07 09:21:33 INFO [Thread-0] - MTServer stopped (Shutdown hook).
25-Jun-07 09:22:07 INFO [main] - Starting the MTServer...
25-Jun-07 09:22:07 INFO [main] - Loading the MTServer config file from the path C:\\OTC-FEC\\MTServer\config
25-Jun-07 09:22:08 INFO [main] - MTS Config file loaded successfully
25-Jun-07 09:22:08 INFO [main] - Creating the thread pool...
25-Jun-07 09:22:08 INFO [main] - Thread pool created
25-Jun-07 09:22:08 INFO [main] - MTServer Started
25-Jun-07 09:22:57 INFO [main] - Request received from /127.0.0.1
25-Jun-07 09:22:57 INFO [Parent #0] - Request to stop the server
25-Jun-07 09:22:57 INFO [Parent #0] - MTServer shutdown initiated
25-Jun-07 09:22:57 INFO [main] - Request received from /127.0.0.1
25-Jun-07 09:22:57 INFO [main] - Closing Server socket.
25-Jun-07 09:23:12 INFO [Thread-0] - Shutting down MTServer...
25-Jun-07 09:23:12 INFO [Thread-0] - Request to stop the server
25-Jun-07 09:23:12 INFO [Thread-0] - Shutting down MTServer...
25-Jun-07 09:23:12 INFO [Thread-0] - MTServer stopped (Shutdown hook).
25-Jun-07 09:26:09 INFO [main] - Starting the MTServer...
25-Jun-07 09:26:09 INFO [main] - Loading the MTServer config file from the path C:\\OTC-FEC\\MTServer\config
25-Jun-07 09:26:10 INFO [main] - MTS Config file loaded successfully
25-Jun-07 09:26:10 INFO [main] - Creating the thread pool...
25-Jun-07 09:26:10 INFO [main] - Thread pool created
25-Jun-07 09:26:10 INFO [main] - MTServer Started
25-Jun-07 09:26:16 INFO [main] - Request received from /127.0.0.1
25-Jun-07 09:26:16 INFO [Parent #0] - Request to stop the server
25-Jun-07 09:26:16 INFO [Parent #0] - MTServer shutdown initiated
25-Jun-07 09:26:16 INFO [main] - Request received from /127.0.0.1
25-Jun-07 09:26:16 INFO [main] - Closing Server socket.
25-Jun-07 09:26:16 INFO [Thread-0] - Shutting down MTServer...
25-Jun-07 09:26:16 INFO [Thread-0] - Request to stop the server
25-Jun-07 09:26:16 INFO [Thread-0] - Shutting down MTServer...
25-Jun-07 09:26:16 INFO [Thread-0] - MTServer stopped (Shutdown hook).
25-Jun-07 09:31:49 INFO [main] - Starting the MTServer...
25-Jun-07 09:31:49 INFO [main] - Loading the MTServer config file from the path C:\\OTC-FEC\\MTServer\config
25-Jun-07 09:31:50 INFO [main] - MTS Config file loaded successfully
25-Jun-07 09:31:50 INFO [main] - Creating the thread pool...
25-Jun-07 09:31:50 INFO [main] - Thread pool created
25-Jun-07 09:31:50 INFO [main] - MTServer Started
25-Jun-07 09:32:06 INFO [main] - Request received from /127.0.0.1
25-Jun-07 09:32:06 INFO [Parent #0] - Request to stop the server
25-Jun-07 09:32:06 INFO [Parent #0] - MTServer shutdown initiated
25-Jun-07 09:32:06 INFO [main] - Request received from /127.0.0.1
25-Jun-07 09:32:06 INFO [main] - Closing Server socket.
25-Jun-07 09:32:06 INFO [Thread-0] - Shutting down MTServer...
25-Jun-07 09:32:06 INFO [Thread-0] - Request to stop the server
25-Jun-07 09:32:06 INFO [Thread-0] - Shutting down MTServer...
25-Jun-07 09:32:06 INFO [Thread-0] - MTServer stopped (Shutdown hook).
25-Jun-07 09:32:49 INFO [main] - Starting the MTServer...
25-Jun-07 09:32:49 INFO [main] - Loading the MTServer config file from the path C:\\OTC-FEC\\MTServer\config
25-Jun-07 09:32:50 INFO [main] - MTS Config file loaded successfully
25-Jun-07 09:32:50 INFO [main] - Creating the thread pool...
25-Jun-07 09:32:50 INFO [main] - Thread pool created
25-Jun-07 09:32:50 INFO [main] - MTServer Started
25-Jun-07 09:33:03 INFO [main] - Request received from /127.0.0.1
25-Jun-07 09:33:03 INFO [Parent #0] - Request to stop the server
25-Jun-07 09:33:03 INFO [Parent #0] - MTServer shutdown initiated
25-Jun-07 09:33:03 INFO [main] - Request received from /127.0.0.1
25-Jun-07 09:33:03 INFO [main] - Closing Server socket.
25-Jun-07 09:33:03 INFO [Thread-0] - Shutting down MTServer...
25-Jun-07 09:33:03 INFO [Thread-0] - Request to stop the server
25-Jun-07 09:33:03 INFO [Thread-0] - Shutting down MTServer...
25-Jun-07 09:33:03 INFO [Thread-0] - MTServer stopped (Shutdown hook).
25-Jun-07 09:33:26 INFO [main] - Starting the MTServer...
25-Jun-07 09:33:26 INFO [main] - Loading the MTServer config file from the path C:\\OTC-FEC\\MTServer\config
25-Jun-07 09:33:27 INFO [main] - MTS Config file loaded successfully
25-Jun-07 09:33:27 INFO [main] - Creating the thread pool...
25-Jun-07 09:33:27 INFO [main] - Thread pool created
25-Jun-07 09:33:27 INFO [main] - MTServer Started
25-Jun-07 09:33:31 INFO [main] - Request received from /127.0.0.1
25-Jun-07 09:33:32 INFO [Parent #0] - Request to stop the server
25-Jun-07 09:33:32 INFO [Parent #0] - MTServer shutdown initiated
25-Jun-07 09:33:32 INFO [main] - Request received from /127.0.0.1
25-Jun-07 09:33:32 INFO [main] - Closing Server socket.
25-Jun-07 09:33:32 INFO [Thread-0] - Shutting down MTServer...
25-Jun-07 09:33:32 INFO [Thread-0] - Request to stop the server
25-Jun-07 09:33:32 INFO [Thread-0] - Shutting down MTServer...
25-Jun-07 09:33:32 INFO [Thread-0] - MTServer stopped (Shutdown hook).
25-Jun-07 09:37:07 INFO [main] - Starting the MTServer...
25-Jun-07 09:37:07 INFO [main] - Loading the MTServer config file from the path C:\\OTC-FEC\\MTServer\config
25-Jun-07 09:37:08 INFO [main] - MTS Config file loaded successfully
25-Jun-07 09:37:08 INFO [main] - Creating the thread pool...
25-Jun-07 09:37:09 INFO [main] - Thread pool created
25-Jun-07 09:37:09 INFO [main] - MTServer Started
25-Jun-07 09:37:13 INFO [main] - Request received from /127.0.0.1
25-Jun-07 09:37:13 INFO [Parent #0] - Request to stop the server
25-Jun-07 09:37:13 INFO [Parent #0] - MTServer shutdown initiated
25-Jun-07 09:37:13 INFO [main] - Request received from /127.0.0.1
25-Jun-07 09:37:13 INFO [main] - Closing Server socket.
25-Jun-07 09:37:13 INFO [Thread-0] - Shutting down MTServer...
25-Jun-07 09:37:13 INFO [Thread-0] - Request to stop the server
25-Jun-07 09:37:13 INFO [Thread-0] - Shutting down MTServer...
25-Jun-07 09:37:13 INFO [Thread-0] - MTServer stopped (Shutdown hook).
25-Jun-07 09:37:41 INFO [main] - Starting the MTServer...
25-Jun-07 09:37:41 INFO [main] - Loading the MTServer config file from the path C:\\OTC-FEC\\MTServer\config
25-Jun-07 09:37:42 INFO [main] - MTS Config file loaded successfully
25-Jun-07 09:37:42 INFO [main] - Creating the thread pool...
25-Jun-07 09:37:42 INFO [main] - Thread pool created
25-Jun-07 09:37:42 INFO [main] - MTServer Started
25-Jun-07 09:37:49 INFO [main] - Request received from /127.0.0.1
25-Jun-07 09:37:49 INFO [Parent #0] - Request to stop the server
25-Jun-07 09:37:49 INFO [Parent #0] - MTServer shutdown initiated
25-Jun-07 09:37:49 INFO [main] - Request received from /127.0.0.1
25-Jun-07 09:37:49 INFO [main] - Closing Server socket.
25-Jun-07 09:37:49 INFO [Thread-0] - Shutting down MTServer...
25-Jun-07 09:37:49 INFO [Thread-0] - Request to stop the server
25-Jun-07 09:37:49 INFO [Thread-0] - Shutting down MTServer...
25-Jun-07 09:37:49 INFO [Thread-0] - MTServer stopped (Shutdown hook).
25-Jun-07 09:42:53 INFO [main] - Starting the MTServer...
25-Jun-07 09:42:53 INFO [main] - Loading the MTServer config file from the path C:\\OTC-FEC\\MTServer\config
25-Jun-07 09:42:54 INFO [main] - MTS Config file loaded successfully
25-Jun-07 09:42:54 INFO [main] - Creating the thread pool...
25-Jun-07 09:42:54 INFO [main] - Thread pool created
25-Jun-07 09:42:54 INFO [main] - MTServer Started
25-Jun-07 09:44:08 INFO [main] - Request received from /127.0.0.1
25-Jun-07 09:44:25 INFO [main] - Request received from /127.0.0.1
25-Jun-07 09:44:34 INFO [main] - Request received from /127.0.0.1
25-Jun-07 09:58:14 INFO [Thread-0] - Shutting down MTServer...
25-Jun-07 09:58:14 INFO [Thread-0] - Request to stop the server
25-Jun-07 09:58:14 INFO [Thread-0] - MTServer shutdown initiated
25-Jun-07 09:58:14 INFO [main] - Request received from /127.0.0.1
25-Jun-07 09:58:14 INFO [main] - Closing Server socket.
25-Jun-07 09:58:14 INFO [Thread-0] - Shutting down MTServer...
25-Jun-07 09:58:14 INFO [Thread-0] - MTServer stopped (Shutdown hook).
25-Jun-07 09:58:56 INFO [main] - Starting the MTServer...
25-Jun-07 09:58:56 INFO [main] - Loading the MTServer config file from the path C:\\OTC-FEC\\MTServer\config
25-Jun-07 09:58:57 INFO [main] - MTS Config file loaded successfully
25-Jun-07 09:58:57 INFO [main] - Creating the thread pool...
25-Jun-07 09:58:57 INFO [main] - Thread pool created
25-Jun-07 09:58:57 INFO [main] - MTServer Started
25-Jun-07 09:59:04 INFO [main] - Request received from /127.0.0.1
25-Jun-07 09:59:17 INFO [Thread-0] - Shutting down MTServer...
25-Jun-07 09:59:17 INFO [Thread-0] - Request to stop the server
25-Jun-07 09:59:17 INFO [Thread-0] - MTServer shutdown initiated
25-Jun-07 09:59:17 INFO [main] - Request received from /127.0.0.1
25-Jun-07 09:59:17 INFO [main] - Closing Server socket.
25-Jun-07 09:59:17 INFO [Thread-0] - Shutting down MTServer...
25-Jun-07 09:59:17 INFO [Thread-0] - MTServer stopped (Shutdown hook).
25-Jun-07 09:59:50 INFO [main] - Starting the MTServer...
25-Jun-07 09:59:50 INFO [main] - Loading the MTServer config file from the path C:\\OTC-FEC\\MTServer\config
25-Jun-07 09:59:51 INFO [main] - MTS Config file loaded successfully
25-Jun-07 09:59:51 INFO [main] - Creating the thread pool...
25-Jun-07 09:59:51 INFO [main] - Thread pool created
25-Jun-07 09:59:51 INFO [main] - MTServer Started
25-Jun-07 09:59:59 INFO [main] - Request received from /127.0.0.1
25-Jun-07 10:00:25 INFO [Thread-0] - Shutting down MTServer...
25-Jun-07 10:00:25 INFO [Thread-0] - Request to stop the server
25-Jun-07 10:00:25 INFO [Thread-0] - MTServer shutdown initiated
25-Jun-07 10:00:25 INFO [main] - Request received from /127.0.0.1
25-Jun-07 10:00:25 INFO [main] - Closing Server socket.
25-Jun-07 10:00:25 INFO [Thread-0] - Shutting down MTServer...
25-Jun-07 10:00:25 INFO [Thread-0] - MTServer stopped (Shutdown hook).
25-Jun-07 10:30:57 INFO [main] - Starting the MTServer...
25-Jun-07 10:30:57 INFO [main] - Loading the MTServer config file from the path C:\\OTC-FEC\\MTServer\config
25-Jun-07 10:30:58 INFO [main] - MTS Config file loaded successfully
25-Jun-07 10:30:58 INFO [main] - Creating the thread pool...
25-Jun-07 10:30:58 INFO [main] - Thread pool created
25-Jun-07 10:30:58 INFO [main] - MTServer Started
25-Jun-07 10:31:06 INFO [main] - Request received from /127.0.0.1
25-Jun-07 10:31:54 INFO [Thread-0] - Shutting down MTServer...
25-Jun-07 10:31:54 INFO [Thread-0] - Request to stop the server
25-Jun-07 10:31:54 INFO [Thread-0] - MTServer shutdown initiated
25-Jun-07 10:31:54 INFO [main] - Request received from /127.0.0.1
25-Jun-07 10:31:54 INFO [main] - Closing Server socket.
25-Jun-07 10:31:54 INFO [Thread-0] - Shutting down MTServer...
25-Jun-07 10:31:54 INFO [Thread-0] - MTServer stopped (Shutdown hook).
25-Jun-07 10:32:01 INFO [main] - Starting the MTServer...
25-Jun-07 10:32:01 INFO [main] - Loading the MTServer config file from the path C:\\OTC-FEC\\MTServer\config
25-Jun-07 10:32:02 INFO [main] - MTS Config file loaded successfully
25-Jun-07 10:32:02 INFO [main] - Creating the thread pool...
25-Jun-07 10:32:02 INFO [main] - Thread pool created
25-Jun-07 10:32:02 INFO [main] - MTServer Started
25-Jun-07 10:32:08 INFO [main] - Request received from /127.0.0.1
25-Jun-07 10:34:10 INFO [Thread-0] - Shutting down MTServer...
25-Jun-07 10:34:10 INFO [Thread-0] - Request to stop the server
25-Jun-07 10:34:10 INFO [Thread-0] - MTServer shutdown initiated
25-Jun-07 10:34:10 INFO [main] - Request received from /127.0.0.1
25-Jun-07 10:34:10 INFO [main] - Closing Server socket.
25-Jun-07 10:34:10 INFO [Thread-0] - Shutting down MTServer...
25-Jun-07 10:34:10 INFO [Thread-0] - MTServer stopped (Shutdown hook).
25-Jun-07 10:34:22 INFO [main] - Starting the MTServer...
25-Jun-07 10:34:22 INFO [main] - Loading the MTServer config file from the path C:\\OTC-FEC\\MTServer\config
25-Jun-07 10:34:22 INFO [main] - MTS Config file loaded successfully
25-Jun-07 10:34:22 INFO [main] - Creating the thread pool...
25-Jun-07 10:34:22 INFO [main] - Thread pool created
25-Jun-07 10:34:22 INFO [main] - MTServer Started
25-Jun-07 10:34:30 INFO [main] - Request received from /127.0.0.1
25-Jun-07 10:37:04 INFO [Thread-0] - Shutting down MTServer...
25-Jun-07 10:37:04 INFO [Thread-0] - Request to stop the server
25-Jun-07 10:37:04 INFO [Thread-0] - MTServer shutdown initiated
25-Jun-07 10:37:04 INFO [main] - Request received from /127.0.0.1
25-Jun-07 10:37:04 INFO [Thread-0] - Shutting down MTServer...
25-Jun-07 10:37:04 INFO [main] - Closing Server socket.
25-Jun-07 10:37:04 INFO [Thread-0] - MTServer stopped (Shutdown hook).
25-Jun-07 10:37:18 INFO [main] - Starting the MTServer...
25-Jun-07 10:37:18 INFO [main] - Loading the MTServer config file from the path C:\\OTC-FEC\\MTServer\config
25-Jun-07 10:37:19 INFO [main] - MTS Config file loaded successfully
25-Jun-07 10:37:19 INFO [main] - Creating the thread pool...
25-Jun-07 10:37:19 INFO [main] - Thread pool created
25-Jun-07 10:37:19 INFO [main] - MTServer Started
25-Jun-07 10:37:24 INFO [main] - Request received from /127.0.0.1
25-Jun-07 10:37:44 INFO [Thread-0] - Shutting down MTServer...
25-Jun-07 10:37:44 INFO [Thread-0] - Request to stop the server
25-Jun-07 10:37:44 INFO [Thread-0] - MTServer shutdown initiated
25-Jun-07 10:37:44 INFO [main] - Request received from /127.0.0.1
25-Jun-07 10:37:44 INFO [main] - Closing Server socket.
25-Jun-07 10:37:44 INFO [Thread-0] - Shutting down MTServer...
25-Jun-07 10:37:44 INFO [Thread-0] - MTServer stopped (Shutdown hook).
25-Jun-07 10:38:43 INFO [main] - Starting the MTServer...
25-Jun-07 10:38:43 INFO [main] - Loading the MTServer config file from the path C:\\OTC-FEC\\MTServer\config
25-Jun-07 10:38:44 INFO [main] - MTS Config file loaded successfully
25-Jun-07 10:38:44 INFO [main] - Creating the thread pool...
25-Jun-07 10:38:44 INFO [main] - Thread pool created
25-Jun-07 10:38:44 INFO [main] - MTServer Started
25-Jun-07 10:38:50 INFO [main] - Request received from /127.0.0.1
25-Jun-07 10:38:57 INFO [Thread-0] - Shutting down MTServer...
25-Jun-07 10:38:57 INFO [Thread-0] - Request to stop the server
25-Jun-07 10:38:57 INFO [Thread-0] - MTServer shutdown initiated
25-Jun-07 10:38:57 INFO [main] - Request received from /127.0.0.1
25-Jun-07 10:38:57 INFO [Thread-0] - Shutting down MTServer...
25-Jun-07 10:38:57 INFO [main] - Closing Server socket.
25-Jun-07 10:38:57 INFO [Thread-0] - MTServer stopped (Shutdown hook).
25-Jun-07 10:40:52 INFO [main] - Starting the MTServer...
25-Jun-07 10:40:52 INFO [main] - Loading the MTServer config file from the path C:\\OTC-FEC\\MTServer\config
25-Jun-07 10:40:53 INFO [main] - MTS Config file loaded successfully
25-Jun-07 10:40:53 INFO [main] - Creating the thread pool...
25-Jun-07 10:40:53 INFO [main] - Thread pool created
25-Jun-07 10:40:53 INFO [main] - MTServer Started
25-Jun-07 10:41:01 INFO [main] - Request received from /127.0.0.1
25-Jun-07 10:43:33 INFO [Thread-0] - Shutting down MTServer...
25-Jun-07 10:43:33 INFO [Thread-0] - Request to stop the server
25-Jun-07 10:43:33 INFO [Thread-0] - MTServer shutdown initiated
25-Jun-07 10:43:33 INFO [main] - Request received from /127.0.0.1
25-Jun-07 10:43:33 INFO [main] - Closing Server socket.
25-Jun-07 10:43:33 INFO [Thread-0] - Shutting down MTServer...
25-Jun-07 10:43:33 INFO [Thread-0] - MTServer stopped (Shutdown hook).
25-Jun-07 10:44:43 INFO [main] - Starting the MTServer...
25-Jun-07 10:44:43 INFO [main] - Loading the MTServer config file from the path C:\\OTC-FEC\\MTServer\config
25-Jun-07 10:44:44 INFO [main] - MTS Config file loaded successfully
25-Jun-07 10:44:44 INFO [main] - Creating the thread pool...
25-Jun-07 10:44:44 INFO [main] - Thread pool created
25-Jun-07 10:44:44 INFO [main] - MTServer Started
25-Jun-07 10:44:51 INFO [main] - Request received from /127.0.0.1
25-Jun-07 10:45:04 INFO [main] - Request received from /127.0.0.1
25-Jun-07 10:49:45 INFO [Thread-0] - Shutting down MTServer...
25-Jun-07 10:49:45 INFO [Thread-0] - Request to stop the server
25-Jun-07 10:49:45 INFO [Thread-0] - MTServer shutdown initiated
25-Jun-07 10:49:45 INFO [main] - Request received from /127.0.0.1
25-Jun-07 10:49:45 INFO [main] - Closing Server socket.
25-Jun-07 10:49:45 INFO [Thread-0] - Shutting down MTServer...
25-Jun-07 10:49:45 INFO [Thread-0] - MTServer stopped (Shutdown hook).
25-Jun-07 10:49:48 INFO [main] - Starting the MTServer...
25-Jun-07 10:49:48 INFO [main] - Loading the MTServer config file from the path C:\\OTC-FEC\\MTServer\config
25-Jun-07 10:49:49 INFO [main] - MTS Config file loaded successfully
25-Jun-07 10:49:49 INFO [main] - Creating the thread pool...
25-Jun-07 10:49:49 INFO [main] - Thread pool created
25-Jun-07 10:49:49 INFO [main] - MTServer Started
25-Jun-07 10:50:41 INFO [main] - Request received from /127.0.0.1
25-Jun-07 10:53:03 INFO [Thread-0] - Shutting down MTServer...
25-Jun-07 10:53:03 INFO [Thread-0] - Request to stop the server
25-Jun-07 10:53:03 INFO [Thread-0] - MTServer shutdown initiated
25-Jun-07 10:53:03 INFO [main] - Request received from /127.0.0.1
25-Jun-07 10:53:03 INFO [main] - Closing Server socket.
25-Jun-07 10:53:03 INFO [Thread-0] - Shutting down MTServer...
25-Jun-07 10:53:03 INFO [Thread-0] - MTServer stopped (Shutdown hook).
25-Jun-07 10:53:05 INFO [main] - Starting the MTServer...
25-Jun-07 10:53:05 INFO [main] - Loading the MTServer config file from the path C:\\OTC-FEC\\MTServer\config
25-Jun-07 10:53:06 INFO [main] - MTS Config file loaded successfully
25-Jun-07 10:53:06 INFO [main] - Creating the thread pool...
25-Jun-07 10:53:06 INFO [main] - Thread pool created
25-Jun-07 10:53:06 INFO [main] - MTServer Started
25-Jun-07 10:53:11 INFO [main] - Request received from /127.0.0.1
25-Jun-07 10:53:44 INFO [Thread-0] - Shutting down MTServer...
25-Jun-07 10:53:44 INFO [Thread-0] - Request to stop the server
25-Jun-07 10:53:44 INFO [Thread-0] - MTServer shutdown initiated
25-Jun-07 10:53:44 INFO [main] - Request received from /127.0.0.1
25-Jun-07 10:53:44 INFO [main] - Closing Server socket.
25-Jun-07 10:53:44 INFO [Thread-0] - Shutting down MTServer...
25-Jun-07 10:53:44 INFO [Thread-0] - MTServer stopped (Shutdown hook).
25-Jun-07 10:55:20 INFO [main] - Starting the MTServer...
25-Jun-07 10:55:20 INFO [main] - Loading the MTServer config file from the path C:\\OTC-FEC\\MTServer\config
25-Jun-07 10:55:21 INFO [main] - MTS Config file loaded successfully
25-Jun-07 10:55:21 INFO [main] - Creating the thread pool...
25-Jun-07 10:55:21 INFO [main] - Thread pool created
25-Jun-07 10:55:21 INFO [main] - MTServer Started
25-Jun-07 10:55:24 INFO [Thread-0] - Shutting down MTServer...
25-Jun-07 10:55:24 INFO [Thread-0] - Request to stop the server
25-Jun-07 10:55:24 INFO [Thread-0] - MTServer shutdown initiated
25-Jun-07 10:55:24 INFO [main] - Request received from /127.0.0.1
25-Jun-07 10:55:24 INFO [main] - Closing Server socket.
25-Jun-07 10:55:24 INFO [Thread-0] - Shutting down MTServer...
25-Jun-07 10:55:24 INFO [Thread-0] - MTServer stopped (Shutdown hook).
25-Jun-07 10:55:40 INFO [main] - Starting the MTServer...
25-Jun-07 10:55:40 INFO [main] - Loading the MTServer config file from the path C:\\OTC-FEC\\MTServer\config
25-Jun-07 10:55:40 INFO [main] - MTS Config file loaded successfully
25-Jun-07 10:55:40 INFO [main] - Creating the thread pool...
25-Jun-07 10:55:40 INFO [main] - Thread pool created
25-Jun-07 10:55:40 INFO [main] - MTServer Started
25-Jun-07 10:55:46 INFO [main] - Request received from /127.0.0.1
25-Jun-07 10:55:52 INFO [Thread-0] - Shutting down MTServer...
25-Jun-07 10:55:52 INFO [Thread-0] - Request to stop the server
25-Jun-07 10:55:52 INFO [Thread-0] - MTServer shutdown initiated
25-Jun-07 10:55:52 INFO [main] - Request received from /127.0.0.1
25-Jun-07 10:55:52 INFO [main] - Closing Server socket.
25-Jun-07 10:55:52 INFO [Thread-0] - Shutting down MTServer...
25-Jun-07 10:55:52 INFO [Thread-0] - MTServer stopped (Shutdown hook).
25-Jun-07 10:56:32 INFO [main] - Starting the MTServer...
25-Jun-07 10:56:32 INFO [main] - Loading the MTServer config file from the path C:\\OTC-FEC\\MTServer\config
25-Jun-07 10:56:32 INFO [main] - MTS Config file loaded successfully
25-Jun-07 10:56:32 INFO [main] - Creating the thread pool...
25-Jun-07 10:56:32 INFO [main] - Thread pool created
25-Jun-07 10:56:33 INFO [main] - MTServer Started
25-Jun-07 10:56:37 INFO [main] - Request received from /127.0.0.1
25-Jun-07 10:58:18 INFO [Thread-0] - Shutting down MTServer...
25-Jun-07 10:58:18 INFO [Thread-0] - Request to stop the server
25-Jun-07 10:58:18 INFO [Thread-0] - MTServer shutdown initiated
25-Jun-07 10:58:18 INFO [main] - Request received from /127.0.0.1
25-Jun-07 10:58:18 INFO [main] - Closing Server socket.
25-Jun-07 10:58:18 INFO [Thread-0] - Shutting down MTServer...
25-Jun-07 10:58:18 INFO [Thread-0] - MTServer stopped (Shutdown hook).
25-Jun-07 10:58:22 INFO [main] - Starting the MTServer...
25-Jun-07 10:58:22 INFO [main] - Loading the MTServer config file from the path C:\\OTC-FEC\\MTServer\config
25-Jun-07 10:58:22 INFO [main] - MTS Config file loaded successfully
25-Jun-07 10:58:22 INFO [main] - Creating the thread pool...
25-Jun-07 10:58:22 INFO [main] - Thread pool created
25-Jun-07 10:58:22 INFO [main] - MTServer Started
25-Jun-07 10:58:35 INFO [main] - Request received from /127.0.0.1
25-Jun-07 11:00:25 INFO [Thread-0] - Shutting down MTServer...
25-Jun-07 11:00:25 INFO [Thread-0] - Request to stop the server
25-Jun-07 11:00:25 INFO [Thread-0] - MTServer shutdown initiated
25-Jun-07 11:00:25 INFO [main] - Request received from /127.0.0.1
25-Jun-07 11:00:25 INFO [main] - Closing Server socket.
25-Jun-07 11:00:25 INFO [Thread-0] - Shutting down MTServer...
25-Jun-07 11:00:25 INFO [Thread-0] - MTServer stopped (Shutdown hook).
25-Jun-07 11:00:32 INFO [main] - Starting the MTServer...
25-Jun-07 11:00:32 INFO [main] - Loading the MTServer config file from the path C:\\OTC-FEC\\MTServer\config
25-Jun-07 11:00:33 INFO [main] - MTS Config file loaded successfully
25-Jun-07 11:00:33 INFO [main] - Creating the thread pool...
25-Jun-07 11:00:33 INFO [main] - Thread pool created
25-Jun-07 11:00:33 INFO [main] - MTServer Started
25-Jun-07 11:00:40 INFO [main] - Request received from /127.0.0.1
25-Jun-07 11:00:55 INFO [main] - Request received from /127.0.0.1
25-Jun-07 11:01:01 INFO [main] - Request received from /127.0.0.1
25-Jun-07 11:01:45 INFO [Thread-0] - Shutting down MTServer...
25-Jun-07 11:01:45 INFO [Thread-0] - Request to stop the server
25-Jun-07 11:01:45 INFO [Thread-0] - MTServer shutdown initiated
25-Jun-07 11:01:45 INFO [main] - Request received from /127.0.0.1
25-Jun-07 11:01:45 INFO [main] - Closing Server socket.
25-Jun-07 11:01:45 INFO [Thread-0] - Shutting down MTServer...
25-Jun-07 11:01:46 INFO [Thread-0] - MTServer stopped (Shutdown hook).
25-Jun-07 11:01:55 INFO [main] - Starting the MTServer...
25-Jun-07 11:01:55 INFO [main] - Loading the MTServer config file from the path C:\\OTC-FEC\\MTServer\config
25-Jun-07 11:01:56 INFO [main] - MTS Config file loaded successfully
25-Jun-07 11:01:56 INFO [main] - Creating the thread pool...
25-Jun-07 11:01:56 INFO [main] - Thread pool created
25-Jun-07 11:01:56 INFO [main] - MTServer Started
25-Jun-07 11:02:03 INFO [main] - Request received from /127.0.0.1
25-Jun-07 11:02:12 INFO [Thread-0] - Shutting down MTServer...
25-Jun-07 11:02:12 INFO [Thread-0] - Request to stop the server
25-Jun-07 11:02:12 INFO [Thread-0] - MTServer shutdown initiated
25-Jun-07 11:02:12 INFO [main] - Request received from /127.0.0.1
25-Jun-07 11:02:12 INFO [main] - Closing Server socket.
25-Jun-07 11:02:12 INFO [Thread-0] - Shutting down MTServer...
25-Jun-07 11:02:13 INFO [Thread-0] - MTServer stopped (Shutdown hook).
25-Jun-07 11:02:30 INFO [main] - Starting the MTServer...
25-Jun-07 11:02:30 INFO [main] - Loading the MTServer config file from the path C:\\OTC-FEC\\MTServer\config
25-Jun-07 11:02:31 INFO [main] - MTS Config file loaded successfully
25-Jun-07 11:02:31 INFO [main] - Creating the thread pool...
25-Jun-07 11:02:31 INFO [main] - Thread pool created
25-Jun-07 11:02:31 INFO [main] - MTServer Started
25-Jun-07 11:02:37 INFO [main] - Request received from /127.0.0.1
25-Jun-07 11:02:44 INFO [main] - Request received from /127.0.0.1
25-Jun-07 11:03:01 INFO [Thread-0] - Shutting down MTServer...
25-Jun-07 11:03:01 INFO [Thread-0] - Request to stop the server
25-Jun-07 11:03:01 INFO [Thread-0] - MTServer shutdown initiated
25-Jun-07 11:03:01 INFO [main] - Request received from /127.0.0.1
25-Jun-07 11:03:01 INFO [main] - Closing Server socket.
25-Jun-07 11:03:01 INFO [Thread-0] - Shutting down MTServer...
25-Jun-07 11:03:01 INFO [Thread-0] - MTServer stopped (Shutdown hook).
25-Jun-07 11:05:43 INFO [main] - Starting the MTServer...
25-Jun-07 11:05:43 INFO [main] - Loading the MTServer config file from the path C:\\OTC-FEC\\MTServer\config
25-Jun-07 11:05:44 INFO [main] - MTS Config file loaded successfully
25-Jun-07 11:05:44 INFO [main] - Creating the thread pool...
25-Jun-07 11:05:44 INFO [main] - Thread pool created
25-Jun-07 11:05:44 INFO [main] - MTServer Started
25-Jun-07 11:05:56 INFO [main] - Request received from /127.0.0.1
25-Jun-07 11:06:09 INFO [main] - Request received from /127.0.0.1
25-Jun-07 11:06:48 INFO [Thread-0] - Shutting down MTServer...
25-Jun-07 11:06:48 INFO [Thread-0] - Request to stop the server
25-Jun-07 11:06:48 INFO [Thread-0] - MTServer shutdown initiated
25-Jun-07 11:06:48 INFO [main] - Request received from /127.0.0.1
25-Jun-07 11:06:48 INFO [main] - Closing Server socket.
25-Jun-07 11:06:48 INFO [Thread-0] - Shutting down MTServer...
25-Jun-07 11:06:48 INFO [Thread-0] - MTServer stopped (Shutdown hook).
25-Jun-07 11:09:00 INFO [main] - Starting the MTServer...
25-Jun-07 11:09:00 INFO [main] - Loading the MTServer config file from the path C:\\OTC-FEC\\MTServer\config
25-Jun-07 11:09:01 INFO [main] - MTS Config file loaded successfully
25-Jun-07 11:09:01 INFO [main] - Creating the thread pool...
25-Jun-07 11:09:01 INFO [main] - Thread pool created
25-Jun-07 11:09:01 INFO [main] - MTServer Started
25-Jun-07 11:09:08 INFO [main] - Request received from /127.0.0.1
25-Jun-07 11:09:17 INFO [main] - Request received from /127.0.0.1
25-Jun-07 11:09:20 INFO [main] - Request received from /127.0.0.1
25-Jun-07 11:13:37 INFO [Thread-0] - Shutting down MTServer...
25-Jun-07 11:13:37 INFO [Thread-0] - Request to stop the server
25-Jun-07 11:13:37 INFO [Thread-0] - MTServer shutdown initiated
25-Jun-07 11:13:37 INFO [main] - Request received from /127.0.0.1
25-Jun-07 11:13:37 INFO [main] - Closing Server socket.
25-Jun-07 11:13:37 INFO [Thread-0] - Shutting down MTServer...
25-Jun-07 11:13:37 INFO [Thread-0] - MTServer stopped (Shutdown hook).
25-Jun-07 14:33:34 INFO [main] - Starting the MTServer...
25-Jun-07 14:33:34 INFO [main] - Loading the MTServer config file from the path C:\\OTC-FEC\\MTServer\config
25-Jun-07 14:33:35 INFO [main] - MTS Config file loaded successfully
25-Jun-07 14:33:35 INFO [main] - Creating the thread pool...
25-Jun-07 14:33:35 INFO [main] - Thread pool created
25-Jun-07 14:33:35 INFO [main] - MTServer Started
25-Jun-07 14:34:53 INFO [main] - Request received from /127.0.0.1
25-Jun-07 14:39:56 INFO [main] - Request received from /127.0.0.1
25-Jun-07 14:41:03 INFO [main] - Request received from /127.0.0.1
25-Jun-07 14:41:11 INFO [main] - Request received from /127.0.0.1
25-Jun-07 15:12:31 INFO [Thread-0] - Shutting down MTServer...
25-Jun-07 15:12:31 INFO [Thread-0] - Request to stop the server
25-Jun-07 15:12:31 INFO [Thread-0] - MTServer shutdown initiated
25-Jun-07 15:12:31 INFO [main] - Request received from /127.0.0.1
25-Jun-07 15:12:31 INFO [main] - Closing Server socket.
25-Jun-07 15:12:31 INFO [Thread-0] - Shutting down MTServer...
25-Jun-07 15:12:31 INFO [Thread-0] - MTServer stopped (Shutdown hook).
25-Jun-07 15:12:53 INFO [main] - Starting the MTServer...
25-Jun-07 15:12:53 INFO [main] - Loading the MTServer config file from the path C:\\OTC-FEC\\MTServer\config
25-Jun-07 15:12:54 INFO [main] - MTS Config file loaded successfully
25-Jun-07 15:12:54 INFO [main] - Creating the thread pool...
25-Jun-07 15:12:54 INFO [main] - Thread pool created
25-Jun-07 15:12:54 INFO [main] - MTServer Started
25-Jun-07 15:13:13 INFO [main] - Request received from /127.0.0.1
25-Jun-07 15:13:43 INFO [main] - Request received from /127.0.0.1
25-Jun-07 15:16:06 INFO [main] - Request received from /127.0.0.1
25-Jun-07 15:16:21 INFO [main] - Request received from /127.0.0.1
25-Jun-07 15:16:41 INFO [main] - Request received from /127.0.0.1
25-Jun-07 15:16:51 INFO [main] - Request received from /127.0.0.1
25-Jun-07 15:19:00 INFO [main] - Request received from /127.0.0.1
25-Jun-07 15:20:03 INFO [main] - Request received from /127.0.0.1
25-Jun-07 15:25:56 INFO [main] - Request received from /127.0.0.1
25-Jun-07 15:30:39 INFO [main] - Request received from /127.0.0.1
25-Jun-07 15:30:55 INFO [main] - Request received from /127.0.0.1
25-Jun-07 15:31:03 INFO [main] - Request received from /127.0.0.1
25-Jun-07 15:31:26 INFO [main] - Request received from /127.0.0.1
25-Jun-07 18:00:25 INFO [Thread-0] - Shutting down MTServer...
25-Jun-07 18:00:25 INFO [Thread-0] - Request to stop the server
25-Jun-07 18:00:25 INFO [Thread-0] - MTServer shutdown initiated
25-Jun-07 18:00:25 INFO [main] - Request received from /127.0.0.1
25-Jun-07 18:00:25 INFO [main] - Closing Server socket.
25-Jun-07 18:00:25 INFO [Thread-0] - Shutting down MTServer...
25-Jun-07 18:00:25 INFO [Thread-0] - MTServer stopped (Shutdown hook).
26-Jun-07 13:53:58 INFO [main] - Starting the MTServer...
26-Jun-07 13:53:58 INFO [main] - Loading the MTServer config file from the path C:\\OTC-FEC\\MTServer\config
26-Jun-07 13:54:00 INFO [main] - MTS Config file loaded successfully
26-Jun-07 13:54:00 INFO [main] - Creating the thread pool...
26-Jun-07 13:54:00 INFO [main] - Thread pool created
26-Jun-07 13:54:00 INFO [main] - MTServer Started
26-Jun-07 13:54:10 INFO [main] - Request received from /127.0.0.1
26-Jun-07 14:00:48 INFO [main] - Request received from /127.0.0.1
26-Jun-07 14:11:58 INFO [Thread-0] - Shutting down MTServer...
26-Jun-07 14:11:58 INFO [Thread-0] - Request to stop the server
26-Jun-07 14:11:58 INFO [Thread-0] - MTServer shutdown initiated
26-Jun-07 14:11:58 INFO [main] - Request received from /127.0.0.1
26-Jun-07 14:11:58 INFO [main] - Closing Server socket.
26-Jun-07 14:11:58 INFO [Thread-0] - Shutting down MTServer...
26-Jun-07 14:11:58 INFO [Thread-0] - MTServer stopped (Shutdown hook).
26-Jun-07 14:22:41 INFO [main] - Starting the MTServer...
26-Jun-07 14:22:41 INFO [main] - Loading the MTServer config file from the path C:\\OTC-FEC\\MTServer\config
26-Jun-07 14:22:41 INFO [main] - MTS Config file loaded successfully
26-Jun-07 14:22:41 INFO [main] - Creating the thread pool...
26-Jun-07 14:22:41 INFO [main] - Thread pool created
26-Jun-07 14:22:42 INFO [main] - MTServer Started
26-Jun-07 14:24:20 INFO [main] - Request received from /127.0.0.1
26-Jun-07 14:25:45 INFO [Thread-0] - Shutting down MTServer...
26-Jun-07 14:25:45 INFO [Thread-0] - Request to stop the server
26-Jun-07 14:25:45 INFO [Thread-0] - MTServer shutdown initiated
26-Jun-07 14:25:45 INFO [main] - Request received from /127.0.0.1
26-Jun-07 14:25:45 INFO [main] - Closing Server socket.
26-Jun-07 14:25:45 INFO [Thread-0] - Shutting down MTServer...
26-Jun-07 14:25:45 INFO [Thread-0] - MTServer stopped (Shutdown hook).
26-Jun-07 14:25:49 INFO [main] - Starting the MTServer...
26-Jun-07 14:25:49 INFO [main] - Loading the MTServer config file from the path C:\\OTC-FEC\\MTServer\config
26-Jun-07 14:25:49 INFO [main] - MTS Config file loaded successfully
26-Jun-07 14:25:49 INFO [main] - Creating the thread pool...
26-Jun-07 14:25:49 INFO [main] - Thread pool created
26-Jun-07 14:25:49 INFO [main] - MTServer Started
26-Jun-07 14:25:58 INFO [main] - Request received from /127.0.0.1
26-Jun-07 14:31:35 INFO [main] - Request received from /127.0.0.1
26-Jun-07 14:37:16 INFO [Thread-0] - Shutting down MTServer...
26-Jun-07 14:37:16 INFO [Thread-0] - Request to stop the server
26-Jun-07 14:37:16 INFO [Thread-0] - MTServer shutdown initiated
26-Jun-07 14:37:16 INFO [main] - Request received from /127.0.0.1
26-Jun-07 14:37:16 INFO [main] - Closing Server socket.
26-Jun-07 14:37:16 INFO [Thread-0] - Shutting down MTServer...
26-Jun-07 14:37:16 INFO [Thread-0] - MTServer stopped (Shutdown hook).
26-Jun-07 14:37:22 INFO [main] - Starting the MTServer...
26-Jun-07 14:37:22 INFO [main] - Loading the MTServer config file from the path C:\\OTC-FEC\\MTServer\config
26-Jun-07 14:37:23 INFO [main] - MTS Config file loaded successfully
26-Jun-07 14:37:23 INFO [main] - Creating the thread pool...
26-Jun-07 14:37:23 INFO [main] - Thread pool created
26-Jun-07 14:37:23 INFO [main] - MTServer Started
26-Jun-07 14:39:42 INFO [main] - Request received from /127.0.0.1
26-Jun-07 14:47:03 INFO [Thread-0] - Shutting down MTServer...
26-Jun-07 14:47:03 INFO [Thread-0] - Request to stop the server
26-Jun-07 14:47:03 INFO [Thread-0] - MTServer shutdown initiated
26-Jun-07 14:47:03 INFO [main] - Request received from /127.0.0.1
26-Jun-07 14:47:03 INFO [main] - Closing Server socket.
26-Jun-07 14:47:03 INFO [Thread-0] - Shutting down MTServer...
26-Jun-07 14:47:04 INFO [Thread-0] - MTServer stopped (Shutdown hook).
26-Jun-07 15:17:43 INFO [main] - Starting the MTServer...
26-Jun-07 15:17:43 INFO [main] - Loading the MTServer config file from the path C:\\OTC-FEC\\MTServer\config
26-Jun-07 15:17:43 INFO [main] - MTS Config file loaded successfully
26-Jun-07 15:17:43 INFO [main] - Creating the thread pool...
26-Jun-07 15:17:43 INFO [main] - Thread pool created
26-Jun-07 15:17:43 INFO [main] - MTServer Started
26-Jun-07 15:18:06 INFO [main] - Request received from /127.0.0.1
26-Jun-07 15:19:34 INFO [main] - Request received from /127.0.0.1
26-Jun-07 16:04:15 INFO [Thread-0] - Shutting down MTServer...
26-Jun-07 16:04:15 INFO [Thread-0] - Request to stop the server
26-Jun-07 16:04:15 INFO [Thread-0] - MTServer shutdown initiated
26-Jun-07 16:04:15 INFO [main] - Request received from /127.0.0.1
26-Jun-07 16:04:15 INFO [main] - Closing Server socket.
26-Jun-07 16:04:15 INFO [Thread-0] - Shutting down MTServer...
26-Jun-07 16:04:15 INFO [Thread-0] - MTServer stopped (Shutdown hook).
26-Jun-07 16:04:25 INFO [main] - Starting the MTServer...
26-Jun-07 16:04:25 INFO [main] - Loading the MTServer config file from the path C:\\OTC-FEC\\MTServer\config
26-Jun-07 16:04:26 INFO [main] - MTS Config file loaded successfully
26-Jun-07 16:04:26 INFO [main] - Creating the thread pool...
26-Jun-07 16:04:26 INFO [main] - Thread pool created
26-Jun-07 16:04:26 INFO [main] - MTServer Started
26-Jun-07 16:04:35 INFO [main] - Request received from /127.0.0.1
26-Jun-07 16:04:55 INFO [main] - Request received from /127.0.0.1
26-Jun-07 16:05:06 INFO [main] - Request received from /127.0.0.1
26-Jun-07 16:05:16 INFO [main] - Request received from /127.0.0.1
26-Jun-07 16:10:02 INFO [Thread-0] - Shutting down MTServer...
26-Jun-07 16:10:02 INFO [Thread-0] - Request to stop the server
26-Jun-07 16:10:02 INFO [Thread-0] - MTServer shutdown initiated
26-Jun-07 16:10:02 INFO [main] - Request received from /127.0.0.1
26-Jun-07 16:10:02 INFO [main] - Closing Server socket.
26-Jun-07 16:10:02 INFO [Thread-0] - Shutting down MTServer...
26-Jun-07 16:10:02 INFO [Thread-0] - MTServer stopped (Shutdown hook).
26-Jun-07 16:10:17 INFO [main] - Starting the MTServer...
26-Jun-07 16:10:17 INFO [main] - Loading the MTServer config file from the path C:\\OTC-FEC\\MTServer\config
26-Jun-07 16:10:18 INFO [main] - MTS Config file loaded successfully
26-Jun-07 16:10:18 INFO [main] - Creating the thread pool...
26-Jun-07 16:10:18 INFO [main] - Thread pool created
26-Jun-07 16:10:18 INFO [main] - MTServer Started
26-Jun-07 16:10:24 INFO [main] - Request received from /127.0.0.1
26-Jun-07 16:10:35 INFO [main] - Request received from /127.0.0.1
26-Jun-07 16:10:40 INFO [main] - Request received from /127.0.0.1
26-Jun-07 16:11:13 INFO [main] - Request received from /127.0.0.1
26-Jun-07 16:43:58 INFO [Thread-0] - Shutting down MTServer...
26-Jun-07 16:43:58 INFO [Thread-0] - Request to stop the server
26-Jun-07 16:43:58 INFO [Thread-0] - MTServer shutdown initiated
26-Jun-07 16:43:58 INFO [main] - Request received from /127.0.0.1
26-Jun-07 16:43:58 INFO [main] - Closing Server socket.
26-Jun-07 16:43:58 INFO [Thread-0] - Shutting down MTServer...
26-Jun-07 16:43:58 INFO [Thread-0] - MTServer stopped (Shutdown hook).
26-Jun-07 16:44:22 INFO [main] - Starting the MTServer...
26-Jun-07 16:44:22 INFO [main] - Loading the MTServer config file from the path C:\\OTC-FEC\\MTServer\config
26-Jun-07 16:44:23 INFO [main] - MTS Config file loaded successfully
26-Jun-07 16:44:23 INFO [main] - Creating the thread pool...
26-Jun-07 16:44:23 INFO [main] - Thread pool created
26-Jun-07 16:44:23 INFO [main] - MTServer Started
26-Jun-07 16:49:05 INFO [Thread-0] - Shutting down MTServer...
26-Jun-07 16:49:05 INFO [Thread-0] - Request to stop the server
26-Jun-07 16:49:05 INFO [Thread-0] - MTServer shutdown initiated
26-Jun-07 16:49:05 INFO [main] - Request received from /127.0.0.1
26-Jun-07 16:49:05 INFO [main] - Closing Server socket.
26-Jun-07 16:49:05 INFO [Thread-0] - Shutting down MTServer...
26-Jun-07 16:49:05 INFO [Thread-0] - MTServer stopped (Shutdown hook).
26-Jun-07 16:49:42 INFO [main] - Starting the MTServer...
26-Jun-07 16:49:42 INFO [main] - Loading the MTServer config file from the path C:\\OTC-FEC\\MTServer\config
26-Jun-07 16:49:43 INFO [main] - MTS Config file loaded successfully
26-Jun-07 16:49:43 INFO [main] - Creating the thread pool...
26-Jun-07 16:49:43 INFO [main] - Thread pool created
26-Jun-07 16:49:43 INFO [main] - MTServer Started
26-Jun-07 16:50:10 INFO [main] - Request received from /127.0.0.1
26-Jun-07 16:50:32 INFO [main] - Request received from /127.0.0.1
26-Jun-07 16:50:39 INFO [main] - Request received from /127.0.0.1
26-Jun-07 16:51:00 INFO [main] - Request received from /127.0.0.1
26-Jun-07 16:52:28 INFO [main] - Request received from /127.0.0.1
26-Jun-07 16:57:45 INFO [main] - Request received from /127.0.0.1
26-Jun-07 17:00:23 INFO [main] - Request received from /127.0.0.1
26-Jun-07 17:01:01 INFO [main] - Request received from /127.0.0.1
26-Jun-07 17:02:55 INFO [main] - Request received from /127.0.0.1
26-Jun-07 17:03:40 INFO [main] - Request received from /127.0.0.1
26-Jun-07 17:04:55 INFO [main] - Request received from /127.0.0.1
26-Jun-07 17:05:43 INFO [main] - Request received from /127.0.0.1
26-Jun-07 17:06:02 INFO [main] - Request received from /127.0.0.1
26-Jun-07 17:08:02 INFO [Thread-0] - Shutting down MTServer...
26-Jun-07 17:08:02 INFO [Thread-0] - Request to stop the server
26-Jun-07 17:08:02 INFO [Thread-0] - MTServer shutdown initiated
26-Jun-07 17:08:02 INFO [main] - Request received from /127.0.0.1
26-Jun-07 17:08:02 INFO [main] - Closing Server socket.
26-Jun-07 17:08:02 INFO [Thread-0] - Shutting down MTServer...
26-Jun-07 17:08:02 INFO [Thread-0] - MTServer stopped (Shutdown hook).
26-Jun-07 17:08:06 INFO [main] - Starting the MTServer...
26-Jun-07 17:08:06 INFO [main] - Loading the MTServer config file from the path C:\\OTC-FEC\\MTServer\config
26-Jun-07 17:08:07 INFO [main] - MTS Config file loaded successfully
26-Jun-07 17:08:07 INFO [main] - Creating the thread pool...
26-Jun-07 17:08:07 INFO [main] - Thread pool created
26-Jun-07 17:08:07 INFO [main] - MTServer Started
26-Jun-07 17:08:11 INFO [main] - Request received from /127.0.0.1
26-Jun-07 17:15:52 INFO [Thread-0] - Shutting down MTServer...
26-Jun-07 17:15:52 INFO [Thread-0] - Request to stop the server
26-Jun-07 17:15:52 INFO [Thread-0] - MTServer shutdown initiated
26-Jun-07 17:15:52 INFO [main] - Request received from /127.0.0.1
26-Jun-07 17:15:52 INFO [Thread-0] - Shutting down MTServer...
26-Jun-07 17:15:52 INFO [main] - Closing Server socket.
26-Jun-07 17:15:52 INFO [Thread-0] - MTServer stopped (Shutdown hook).
26-Jun-07 17:16:02 INFO [main] - Starting the MTServer...
26-Jun-07 17:16:02 INFO [main] - Loading the MTServer config file from the path C:\\OTC-FEC\\MTServer\config
26-Jun-07 17:16:03 INFO [main] - MTS Config file loaded successfully
26-Jun-07 17:16:03 INFO [main] - Creating the thread pool...
26-Jun-07 17:16:03 INFO [main] - Thread pool created
26-Jun-07 17:16:03 INFO [main] - MTServer Started
26-Jun-07 17:16:06 INFO [main] - Request received from /127.0.0.1
26-Jun-07 17:17:39 INFO [main] - Request received from /127.0.0.1
26-Jun-07 17:21:48 INFO [Thread-0] - Shutting down MTServer...
26-Jun-07 17:21:48 INFO [Thread-0] - Request to stop the server
26-Jun-07 17:21:48 INFO [Thread-0] - MTServer shutdown initiated
26-Jun-07 17:21:48 INFO [main] - Request received from /127.0.0.1
26-Jun-07 17:21:48 INFO [main] - Closing Server socket.
26-Jun-07 17:21:48 INFO [Thread-0] - Shutting down MTServer...
26-Jun-07 17:21:48 INFO [Thread-0] - MTServer stopped (Shutdown hook).
26-Jun-07 17:22:07 INFO [main] - Starting the MTServer...
26-Jun-07 17:22:07 INFO [main] - Loading the MTServer config file from the path C:\\OTC-FEC\\MTServer\config
26-Jun-07 17:22:08 INFO [main] - MTS Config file loaded successfully
26-Jun-07 17:22:08 INFO [main] - Creating the thread pool...
26-Jun-07 17:22:08 INFO [main] - Thread pool created
26-Jun-07 17:22:08 INFO [main] - MTServer Started
26-Jun-07 17:22:17 INFO [main] - Request received from /127.0.0.1
26-Jun-07 17:26:10 INFO [main] - Request received from /127.0.0.1
26-Jun-07 17:26:24 INFO [main] - Request received from /127.0.0.1
26-Jun-07 17:26:31 INFO [main] - Request received from /127.0.0.1
26-Jun-07 17:26:34 INFO [main] - Request received from /127.0.0.1
26-Jun-07 17:27:24 INFO [main] - Request received from /127.0.0.1
26-Jun-07 17:29:01 INFO [main] - Request received from /127.0.0.1
26-Jun-07 17:29:18 INFO [main] - Request received from /127.0.0.1
26-Jun-07 17:45:11 INFO [Thread-0] - Shutting down MTServer...
26-Jun-07 17:45:11 INFO [Thread-0] - Request to stop the server
26-Jun-07 17:45:11 INFO [Thread-0] - MTServer shutdown initiated
26-Jun-07 17:45:11 INFO [main] - Request received from /127.0.0.1
26-Jun-07 17:45:11 INFO [Thread-0] - Shutting down MTServer...
26-Jun-07 17:45:11 INFO [main] - Closing Server socket.
26-Jun-07 17:45:11 INFO [Thread-0] - MTServer stopped (Shutdown hook).
